2006.05.12 11:55 B C:\Documents and Settings\angelo-rigo\Meus documentos\producao\pactors\noar\inc\_calendar\calendario.gif <-- TJM-Des /pacto.des.procergs/htdocs/inc/_calendar calendario.gif
2006.05.12 11:55 B C:\Documents and Settings\angelo-rigo\Meus documentos\producao\pactors\noar\inc\_calendar\close.gif <-- TJM-Des /pacto.des.procergs/htdocs/inc/_calendar close.gif
2006.05.12 11:55 B C:\Documents and Settings\angelo-rigo\Meus documentos\producao\pactors\noar\inc\_calendar\divider.gif <-- TJM-Des /pacto.des.procergs/htdocs/inc/_calendar divider.gif
2006.05.12 11:55 B C:\Documents and Settings\angelo-rigo\Meus documentos\producao\pactors\noar\inc\_calendar\drop1.gif <-- TJM-Des /pacto.des.procergs/htdocs/inc/_calendar drop1.gif
2006.05.12 11:55 B C:\Documents and Settings\angelo-rigo\Meus documentos\producao\pactors\noar\inc\_calendar\drop2.gif <-- TJM-Des /pacto.des.procergs/htdocs/inc/_calendar drop2.gif
2006.05.12 11:55 B C:\Documents and Settings\angelo-rigo\Meus documentos\producao\pactors\noar\inc\_calendar\left1.gif <-- TJM-Des /pacto.des.procergs/htdocs/inc/_calendar left1.gif
2006.05.12 11:55 B C:\Documents and Settings\angelo-rigo\Meus documentos\producao\pactors\noar\inc\_calendar\left2.gif <-- TJM-Des /pacto.des.procergs/htdocs/inc/_calendar left2.gif
2006.05.12 11:55 B C:\Documents and Settings\angelo-rigo\Meus documentos\producao\pactors\noar\inc\_calendar\popcalendar.js <-- TJM-Des /pacto.des.procergs/htdocs/inc/_calendar popcalendar.js
2006.05.12 11:55 B C:\Documents and Settings\angelo-rigo\Meus documentos\producao\pactors\noar\inc\_calendar\right1.gif <-- TJM-Des /pacto.des.procergs/htdocs/inc/_calendar right1.gif
2006.05.12 11:55 B C:\Documents and Settings\angelo-rigo\Meus documentos\producao\pactors\noar\inc\_calendar\right2.gif <-- TJM-Des /pacto.des.procergs/htdocs/inc/_calendar right2.gif
2006.05.12 12:02 B C:\Documents and Settings\angelo-rigo\Meus documentos\producao\pactors\noar\inc\_calendar\calendario.gif --> www.pactopeloriogrande.rs.gov.br /htdocs/inc/_calendar calendario.gif
2006.05.12 12:02 B C:\Documents and Settings\angelo-rigo\Meus documentos\producao\pactors\noar\inc\_calendar\close.gif --> www.pactopeloriogrande.rs.gov.br /htdocs/inc/_calendar close.gif
2006.05.12 12:02 B C:\Documents and Settings\angelo-rigo\Meus documentos\producao\pactors\noar\inc\_calendar\divider.gif --> www.pactopeloriogrande.rs.gov.br /htdocs/inc/_calendar divider.gif
2006.05.12 12:02 B C:\Documents and Settings\angelo-rigo\Meus documentos\producao\pactors\noar\inc\_calendar\drop1.gif --> www.pactopeloriogrande.rs.gov.br /htdocs/inc/_calendar drop1.gif
2006.05.12 12:02 B C:\Documents and Settings\angelo-rigo\Meus documentos\producao\pactors\noar\inc\_calendar\drop2.gif --> www.pactopeloriogrande.rs.gov.br /htdocs/inc/_calendar drop2.gif
2006.05.12 12:02 B C:\Documents and Settings\angelo-rigo\Meus documentos\producao\pactors\noar\inc\_calendar\left1.gif --> www.pactopeloriogrande.rs.gov.br /htdocs/inc/_calendar left1.gif
2006.05.12 12:02 B C:\Documents and Settings\angelo-rigo\Meus documentos\producao\pactors\noar\inc\_calendar\left2.gif --> www.pactopeloriogrande.rs.gov.br /htdocs/inc/_calendar left2.gif
2006.05.12 12:02 B C:\Documents and Settings\angelo-rigo\Meus documentos\producao\pactors\noar\inc\_calendar\popcalendar.js --> www.pactopeloriogrande.rs.gov.br /htdocs/inc/_calendar popcalendar.js
2006.05.12 12:02 B C:\Documents and Settings\angelo-rigo\Meus documentos\producao\pactors\noar\inc\_calendar\right1.gif --> www.pactopeloriogrande.rs.gov.br /htdocs/inc/_calendar right1.gif
2006.05.12 12:02 B C:\Documents and Settings\angelo-rigo\Meus documentos\producao\pactors\noar\inc\_calendar\right2.gif --> www.pactopeloriogrande.rs.gov.br /htdocs/inc/_calendar right2.gif
2006.05.12 12:02 B C:\Documents and Settings\angelo-rigo\Meus documentos\producao\pactors\noar\inc\_calendar\WS_FTP.LOG --> www.pactopeloriogrande.rs.gov.br /htdocs/inc/_calendar WS_FTP.LOG
